<?xml version="1.0" encoding="UTF-8"?>
<testsuite name="ch.so.agi.gretl.core.LoggerImpTest" tests="2" skipped="0" failures="0" errors="0" timestamp="2017-05-09T11:31:51" hostname="ws20046" time="0.001">
  <properties/>
  <testcase name="getInstance" classname="ch.so.agi.gretl.core.LoggerImpTest" time="0.0"/>
  <testcase name="log" classname="ch.so.agi.gretl.core.LoggerImpTest" time="0.001"/>
  <system-out><![CDATA[INFO: , Super Log
DEBUG: , Super Log2
]]></system-out>
  <system-err><![CDATA[]]></system-err>
</testsuite>
